/home/diag/start_diag.sh
source ~/.bash_profile
env | grep UUT
whoami
stty rows 50 cols 160
PS1='\u@MTP:$ '
cd /home/diag/diag/python/infra/dshell/
/home/diag/diag/python/infra/dshell/diag -r -c MTP1 -d diagmgr -t dsp_start
cpldutil -cpld-rd -addr=0x0
cpldutil -cpld-rd -addr=0x19
cat /proc/version | sed 's/.*SMP/SMP/'
version
head /home/diag/diag/asic/asic_version.txt
whoami
whoami
whoami
whoami
whoami
whoami
whoami
whoami
whoami
whoami
rm -f /home/diag/diag/asic/asic_src/ip/cosim/tclsh/*log
cd /home/diag/diag/python/infra/dshell/
/home/diag/diag/python/infra/dshell/diag -sdsp
ls /home/diag/
ls /home/diag/
mtptest -present
mtptest -fanspd
devmgr -dev=fan -speed -pct=90
devmgr -dev FAN -status
mtptest -vrm
devmgr -dev FAN -status
inventory -present
Initialize command 1
./diag -skip -c NIC1 -d DSP2 -t TEST1
./diag -skip -c NIC2 -d DSP2 -t TEST1
./diag -skip -c NIC3 -d DSP2 -t TEST1
./diag -skip -c NIC4 -d DSP2 -t TEST1
./diag -skip -c NIC5 -d DSP2 -t TEST1
./diag -skip -c NIC6 -d DSP2 -t TEST1
./diag -skip -c NIC7 -d DSP2 -t TEST1
./diag -skip -c NIC8 -d DSP2 -t TEST1
./diag -skip -c NIC9 -d DSP2 -t TEST1
./diag -skip -c NIC10 -d DSP2 -t TEST1
/home/diag/diag/python/infra/dshell/diag -param  -c MTP1 -d ASIC -t L1 -p 'timeout=5400'
devmgr -dev FAN -status
turn_on_slot.sh off all
turn_on_slot.sh on all
sudo -k arp -d 10.1.1.101
lab123
ping -c 4 10.1.1.101
sudo -k arp -d 10.1.1.102
lab123
ping -c 4 10.1.1.102
sudo -k arp -d 10.1.1.103
lab123
ping -c 4 10.1.1.103
sudo -k arp -d 10.1.1.104
lab123
ping -c 4 10.1.1.104
sudo -k arp -d 10.1.1.105
lab123
ping -c 4 10.1.1.105
sudo -k arp -d 10.1.1.106
lab123
ping -c 4 10.1.1.106
sudo -k arp -d 10.1.1.107
lab123
ping -c 4 10.1.1.107
sudo -k arp -d 10.1.1.108
lab123
ping -c 4 10.1.1.108
sudo -k arp -d 10.1.1.109
lab123
ping -c 4 10.1.1.109
sudo -k arp -d 10.1.1.110
lab123
ping -c 4 10.1.1.110
arp -i enp2s0
sys_sanity.sh 1
sys_sanity.sh 2
sys_sanity.sh 3
sys_sanity.sh 4
sys_sanity.sh 5
sys_sanity.sh 6
sys_sanity.sh 7
sys_sanity.sh 8
sys_sanity.sh 9
sys_sanity.sh 10
/home/diag/diag/python/infra/dshell/diag -sresult -c NIC1 -d MVL
/home/diag/diag/python/infra/dshell/diag -sresult -c NIC2 -d MVL
/home/diag/diag/python/infra/dshell/diag -sresult -c NIC3 -d MVL
/home/diag/diag/python/infra/dshell/diag -sresult -c NIC4 -d MVL
/home/diag/diag/python/infra/dshell/diag -sresult -c NIC5 -d MVL
/home/diag/diag/python/infra/dshell/diag -sresult -c NIC6 -d MVL
/home/diag/diag/python/infra/dshell/diag -sresult -c NIC7 -d MVL
/home/diag/diag/python/infra/dshell/diag -sresult -c NIC8 -d MVL
/home/diag/diag/python/infra/dshell/diag -sresult -c NIC9 -d MVL
/home/diag/diag/python/infra/dshell/diag -sresult -c NIC10 -d MVL
/home/diag/diag/python/infra/dshell/diag -sresult -c MTP1 -d ASIC
/home/diag/diag/python/infra/dshell/diag -sresult -c MTP1 -d ASIC
/home/diag/diag/python/infra/dshell/diag -sresult -c MTP1 -d ASIC
/home/diag/diag/python/infra/dshell/diag -sresult -c MTP1 -d ASIC
/home/diag/diag/python/infra/dshell/diag -sresult -c MTP1 -d ASIC
/home/diag/diag/python/infra/dshell/diag -sresult -c MTP1 -d ASIC
/home/diag/diag/python/infra/dshell/diag -sresult -c MTP1 -d ASIC
/home/diag/diag/python/infra/dshell/diag -sresult -c MTP1 -d ASIC
/home/diag/diag/python/infra/dshell/diag -sresult -c MTP1 -d ASIC
/home/diag/diag/python/infra/dshell/diag -sresult -c MTP1 -d ASIC
/home/diag/diag/python/infra/dshell/diag -shist
mkdir -p /home/diag/mtp_regression/diag_logs/
mkdir -p /home/diag/mtp_regression/asic_logs/
mv /home/diag/diag/log/*txt /home/diag/mtp_regression/diag_logs/
mv /home/diag/diag/asic/asic_src/ip/cosim/tclsh/*log /home/diag/mtp_regression/asic_logs/
cleanup.sh
